<?xml version="1.0" encoding="UTF-8"?>
<testsuite name="lab1.Lab1Test" tests="3" skipped="0" failures="0" errors="0" timestamp="2022-10-19T17:32:20" hostname="DESKTOP-PHDPGCK" time="0.035">
  <properties/>
  <testcase name="equalPCTest[0](Device{name='PC', ram=RAM{mark='Kingston', memorySize=16, memoryFrequency=2400, started=false}, memoryType=DDR4, cpu=CPU{mark='Intel i7', cores=5, frequency=4.2, started=false}, gpu=GPU{mark='Nvidia 3080', memoryFrequency=19000, memorySize=10, countOfFans=3, started=false}, hardDrive=HardDrive{mark='Samsung', formFactor=2.5, spindleSpeed=5400, transferRate=5, started=false}}, Device{name='PC', ram=RAM{mark='Kingston', memorySize=16, memoryFrequency=2400, started=false}, memoryType=DDR4, cpu=CPU{mark='Intel i7', cores=5, frequency=4.2, started=false}, gpu=GPU{mark='Nvidia 3080', memoryFrequency=19000, memorySize=10, countOfFans=3, started=false}, hardDrive=HardDrive{mark='Samsung', formFactor=2.5, spindleSpeed=5400, transferRate=5, started=false}}, true)" classname="lab1.Lab1Test" time="0.032"/>
  <testcase name="equalPCTest[1](Device{name='PC', ram=RAM{mark='Kingston', memorySize=16, memoryFrequency=2400, started=false}, memoryType=DDR4, cpu=CPU{mark='Intel i7', cores=5, frequency=4.2, started=false}, gpu=GPU{mark='Nvidia 3080', memoryFrequency=19000, memorySize=10, countOfFans=3, started=false}, hardDrive=HardDrive{mark='Samsung', formFactor=2.5, spindleSpeed=5400, transferRate=5, started=false}}, Device{name='PC', ram=RAM{mark='Kingston', memorySize=8, memoryFrequency=1666, started=false}, memoryType=DDR3, cpu=CPU{mark='Intel i3', cores=4, frequency=3.0, started=false}, gpu=GPU{mark='Nvidia gtx 660', memoryFrequency=10000, memorySize=1, countOfFans=1, started=false}, hardDrive=HardDrive{mark='Samsung', formFactor=2.5, spindleSpeed=3000, transferRate=3, started=false}}, false)" classname="lab1.Lab1Test" time="0.001"/>
  <testcase name="equalPCTest[2](Device{name='PC', ram=RAM{mark='Kingston', memorySize=16, memoryFrequency=2400, started=false}, memoryType=DDR4, cpu=CPU{mark='Intel i7', cores=5, frequency=4.2, started=false}, gpu=GPU{mark='Nvidia 3080', memoryFrequency=19000, memorySize=10, countOfFans=3, started=false}, hardDrive=HardDrive{mark='Samsung', formFactor=2.5, spindleSpeed=5400, transferRate=5, started=false}}, Device{name='PC', ram=RAM{mark='Kingston', memorySize=8, memoryFrequency=1666, started=false}, memoryType=DDR3, cpu=CPU{mark='Intel i3', cores=4, frequency=3.0, started=false}, gpu=GPU{mark='Nvidia gtx 660', memoryFrequency=10000, memorySize=1, countOfFans=1, started=false}, hardDrive=HardDrive{mark='Samsung', formFactor=2.5, spindleSpeed=3000, transferRate=3, started=false}}, false)" classname="lab1.Lab1Test" time="0.0"/>
  <system-out><![CDATA[]]></system-out>
  <system-err><![CDATA[]]></system-err>
</testsuite>
