<?xml version="1.0" encoding="UTF-8"?>
<testsuite name="lab1.Lab1Test" tests="6" skipped="0" failures="0" errors="0" timestamp="2022-11-01T08:25:14" hostname="DESKTOP-PHDPGCK" time="0.056">
  <properties/>
  <testcase name="equalTest[0](PC{mouse='Logitech G PRO Wireless', keyboard='Razer BlackWidow Chroma V2', ram=RAM{mark='Hyperx', memorySize=16, memoryFrequency=2400, started=false}, memoryType=DDR4, cpu=CPU{mark='Ryzen 5 3600', cores=6, frequency=4.2, started=false}, gpu=GPU{mark='MSI 1060', memoryFrequency=8000, memorySize=6, countOfFans=2, started=false}, hardDrive=HardDrive{mark='Kingston', formFactor=2.5, spindleSpeed=5000, transferRate=5, started=false}}, PC{mouse='Logitech G PRO Wireless', keyboard='Razer BlackWidow Chroma V2', ram=RAM{mark='Hyperx', memorySize=16, memoryFrequency=2400, started=false}, memoryType=DDR4, cpu=CPU{mark='Ryzen 5 3600', cores=6, frequency=4.2, started=false}, gpu=GPU{mark='MSI 1060', memoryFrequency=8000, memorySize=6, countOfFans=2, started=false}, hardDrive=HardDrive{mark='Kingston', formFactor=2.5, spindleSpeed=5000, transferRate=5, started=false}}, true)" classname="lab1.Lab1Test" time="0.036"/>
  <testcase name="equalTest[1](PC{mouse='Logitech G PRO Wireless', keyboard='Razer BlackWidow Chroma V2', ram=RAM{mark='Hyperx', memorySize=16, memoryFrequency=2400, started=false}, memoryType=DDR4, cpu=CPU{mark='Ryzen 5 3600', cores=6, frequency=4.2, started=false}, gpu=GPU{mark='MSI 1060', memoryFrequency=8000, memorySize=6, countOfFans=2, started=false}, hardDrive=HardDrive{mark='Kingston', formFactor=2.5, spindleSpeed=5000, transferRate=5, started=false}}, PS5{type=PS5, ram=RAM{mark='', memorySize=16, memoryFrequency=3666, started=false}, memoryType=DDR6, cpu=CPU{mark='AMD Ryzen Zen 2', cores=8, frequency=3.5, started=false}, gpu=GPU{mark='AMD Radeon RDNA 2', memoryFrequency=18000, memorySize=12, countOfFans=3, started=false}, hardDrive=HardDrive{mark='', formFactor=0.0, spindleSpeed=5000, transferRate=5, started=false}}, false)" classname="lab1.Lab1Test" time="0.012"/>
  <testcase name="equalTest[2](PS5{type=PS5, ram=RAM{mark='', memorySize=16, memoryFrequency=3666, started=false}, memoryType=DDR6, cpu=CPU{mark='AMD Ryzen Zen 2', cores=8, frequency=3.5, started=false}, gpu=GPU{mark='AMD Radeon RDNA 2', memoryFrequency=18000, memorySize=12, countOfFans=3, started=false}, hardDrive=HardDrive{mark='', formFactor=0.0, spindleSpeed=5000, transferRate=5, started=false}}, PS5{type=PS5, ram=RAM{mark='', memorySize=16, memoryFrequency=3666, started=false}, memoryType=DDR6, cpu=CPU{mark='AMD Ryzen Zen 2', cores=8, frequency=3.5, started=false}, gpu=GPU{mark='AMD Radeon RDNA 2', memoryFrequency=18000, memorySize=12, countOfFans=3, started=false}, hardDrive=HardDrive{mark='', formFactor=0.0, spindleSpeed=5000, transferRate=5, started=false}}, true)" classname="lab1.Lab1Test" time="0.0"/>
  <testcase name="hashEqualDeviceTest[0](PS5{type=PS5, ram=RAM{mark='idk', memorySize=16, memoryFrequency=3666, started=false}, memoryType=DDR6, cpu=CPU{mark='AMD Ryzen Zen 2', cores=8, frequency=3.5, started=false}, gpu=GPU{mark='AMD Radeon RDNA 2', memoryFrequency=18000, memorySize=12, countOfFans=3, started=false}, hardDrive=HardDrive{mark='idk', formFactor=0.0, spindleSpeed=5000, transferRate=5, started=false}}, PS5{type=PS5, ram=RAM{mark='idk', memorySize=16, memoryFrequency=3666, started=false}, memoryType=DDR6, cpu=CPU{mark='AMD Ryzen Zen 2', cores=8, frequency=3.5, started=false}, gpu=GPU{mark='AMD Radeon RDNA 2', memoryFrequency=18000, memorySize=12, countOfFans=3, started=false}, hardDrive=HardDrive{mark='idk', formFactor=0.0, spindleSpeed=5000, transferRate=5, started=false}})" classname="lab1.Lab1Test" time="0.0"/>
  <testcase name="stringEqualDeviceTest[0](PC{mouse='Logitech G PRO Wireless', keyboard='Viper BlackWidow Chroma V2', ram=RAM{mark='Hyperx', memorySize=16, memoryFrequency=2400, started=false}, memoryType=DDR4, cpu=CPU{mark='Ryzen 5 3600', cores=6, frequency=4.2, started=false}, gpu=GPU{mark='MSI 1060', memoryFrequency=8000, memorySize=6, countOfFans=2, started=false}, hardDrive=HardDrive{mark='Kingston', formFactor=2.5, spindleSpeed=5000, transferRate=5, started=false}}, PC{mouse='Logitech G PRO Wireless', keyboard='Viper BlackWidow Chroma V2', ram=RAM{mark='Hyperx', memorySize=16, memoryFrequency=2400, started=false}, memoryType=DDR4, cpu=CPU{mark='Ryzen 5 3600', cores=6, frequency=4.2, started=false}, gpu=GPU{mark='MSI 1060', memoryFrequency=8000, memorySize=6, countOfFans=2, started=false}, hardDrive=HardDrive{mark='Kingston', formFactor=2.5, spindleSpeed=5000, transferRate=5, started=false}})" classname="lab1.Lab1Test" time="0.001"/>
  <testcase name="stringEqualDeviceTest[1](PS5{type=PS5, ram=RAM{mark='', memorySize=16, memoryFrequency=3666, started=false}, memoryType=DDR6, cpu=CPU{mark='AMD Ryzen Zen 2', cores=8, frequency=3.5, started=false}, gpu=GPU{mark='AMD Radeon RDNA 2', memoryFrequency=18000, memorySize=12, countOfFans=3, started=false}, hardDrive=HardDrive{mark='', formFactor=0.0, spindleSpeed=5000, transferRate=5, started=false}}, PS5{type=PS5, ram=RAM{mark='', memorySize=16, memoryFrequency=3666, started=false}, memoryType=DDR6, cpu=CPU{mark='AMD Ryzen Zen 2', cores=8, frequency=3.5, started=false}, gpu=GPU{mark='AMD Radeon RDNA 2', memoryFrequency=18000, memorySize=12, countOfFans=3, started=false}, hardDrive=HardDrive{mark='', formFactor=0.0, spindleSpeed=5000, transferRate=5, started=false}})" classname="lab1.Lab1Test" time="0.0"/>
  <system-out><![CDATA[]]></system-out>
  <system-err><![CDATA[]]></system-err>
</testsuite>
